Arguments: 
  /Users/shelms/.nvm/versions/node/v10.12.0/bin/node /usr/local/Cellar/yarn/1.12.3/libexec/bin/yarn.js

PATH: 
  /Users/shelms/.poetry/bin:/Users/shelms/.cargo/bin:/Users/shelms/miniconda3/bin:/Users/shelms/.nvm/versions/node/v10.12.0/bin:/usr/local/bin:/usr/bin:/bin:/usr/sbin:/sbin

Yarn version: 
  1.12.3

Node version: 
  10.12.0

Platform: 
  darwin x64

Trace: 
  Error: https://registry.yarnpkg.com/finder-component: Not found
      at Request.params.callback [as _callback] (/usr/local/Cellar/yarn/1.12.3/libexec/lib/cli.js:65894:18)
      at Request.self.callback (/usr/local/Cellar/yarn/1.12.3/libexec/lib/cli.js:129018:22)
      at Request.emit (events.js:182:13)
      at Request.<anonymous> (/usr/local/Cellar/yarn/1.12.3/libexec/lib/cli.js:129990:10)
      at Request.emit (events.js:182:13)
      at IncomingMessage.<anonymous> (/usr/local/Cellar/yarn/1.12.3/libexec/lib/cli.js:129912:12)
      at Object.onceWrapper (events.js:273:13)
      at IncomingMessage.emit (events.js:187:15)
      at endReadableNT (_stream_readable.js:1094:12)
      at process._tickCallback (internal/process/next_tick.js:63:19)

npm manifest: 
  {
    "name": "monaco-react-notebook",
    "version": "1.0.0",
    "description": "Describe monaco-react-notebook here",
    "private": true,
    "scripts": {
      "build": "webpack",
      "watch": "webpack -w"
    },
    "dependencies": {
      "@jupyterlab/outputarea": "^0.19.1",
      "@jupyterlab/rendermime": "^0.19.1",
      "@jupyterlab/services": "^3.2.1",
      "automerge": "^0.9.2",
      "finder-component": "^0.0.0",
      "js-yaml": "^3.12.1",
      "markdown-notebook-component": "^0.0.0",
      "monaco-editor": "^0.15.6",
      "react": "^16.7.0",
      "react-dom": "^16.7.0",
      "react-modal": "^3.8.1",
      "react-notification-system": "^0.2.17",
      "react-svg-buttons": "^0.4.0",
      "resolve-dir": "^1.0.1"
    },
    "devDependencies": {
      "@babel/core": "^7.2.2",
      "@babel/polyfill": "^7.2.5",
      "@babel/preset-env": "^7.3.1",
      "@babel/preset-react": "^7.0.0",
      "babel-loader": "^8.0.5",
      "babel-plugin-transform-commonjs": "^1.1.3",
      "babel-preset-react": "^6.24.1",
      "css-loader": "^2.1.0",
      "monaco-editor-webpack-plugin": "^1.7.0",
      "node-fetch": "^2.3.0",
      "nwb": "0.23.x",
      "style-loader": "^0.23.1",
      "typescript": "^3.2.2",
      "webpack": "^4.28.2"
    },
    "author": "",
    "license": "MIT",
    "repository": ""
  }

yarn manifest: 
  No manifest

Lockfile: 
  No lockfile
